[2024-01-23 15:43:39,161] multiqc                                            [DEBUG  ]  No MultiQC config found: /opt/miniconda3/envs/fastqc_trim/lib/python2.7/site-packages/multiqc-1.0.dev0-py2.7.egg/multiqc_config.yaml
[2024-01-23 15:43:39,161] multiqc                                            [DEBUG  ]  No MultiQC config found: /home/user37/.multiqc_config.yaml
[2024-01-23 15:43:39,162] multiqc                                            [DEBUG  ]  No MultiQC config found: multiqc_config.yaml
[2024-01-23 15:43:39,162] multiqc                                            [DEBUG  ]  Command used: /opt/miniconda3/envs/fastqc_trim/bin/multiqc .
[2024-01-23 15:43:39,162] multiqc                                            [DEBUG  ]  Could not connect to multiqc.info for version check
[2024-01-23 15:43:39,162] multiqc                                            [INFO   ]  This is MultiQC v1.0.dev0
[2024-01-23 15:43:39,162] multiqc                                            [DEBUG  ]  Command     : /opt/miniconda3/envs/fastqc_trim/bin/multiqc .
[2024-01-23 15:43:39,162] multiqc                                            [DEBUG  ]  Working dir : /home/user37/analisis16/data/Demultiplexed
[2024-01-23 15:43:39,162] multiqc                                            [INFO   ]  Template    : default
[2024-01-23 15:43:39,162] multiqc                                            [INFO   ]  Searching '.'
[2024-01-23 15:43:39,162] multiqc                                            [DEBUG  ]  Analysing modules: custom_content, peddy, methylQA, qualimap, preseq, quast, rseqc, busco, goleft_indexcov, snpeff, gatk, htseq, bcftools, featureCounts, picard, prokka, samblaster, samtools, bamtools, bismark, hicup, salmon, kallisto, slamdunk, star, tophat, bowtie2, bowtie1, cutadapt, trimmomatic, skewer, fastq_screen, fastqc, clusterflow
[2024-01-23 15:43:39,163] multiqc                                            [DEBUG  ]  Using temporary directory for creating report: /tmp/tmpq4IV2B
[2024-01-23 15:43:39,167] multiqc                                            [DEBUG  ]  Ignoring file as matched an ignore pattern: LF3T07-R2.fastq
[2024-01-23 15:43:39,170] multiqc                                            [DEBUG  ]  Ignoring file as matched an ignore pattern: BA3T07-R2.fastq
[2024-01-23 15:43:39,170] multiqc                                            [DEBUG  ]  Ignoring file as matched an ignore pattern: BA3T03-R1.fastq
[2024-01-23 15:43:39,170] multiqc                                            [DEBUG  ]  Ignoring file as matched an ignore pattern: LF3T07-R1.fastq
[2024-01-23 15:43:39,170] multiqc                                            [DEBUG  ]  Ignoring file as matched an ignore pattern: LF3T03-R1.fastq
[2024-01-23 15:43:39,171] multiqc                                            [DEBUG  ]  Ignoring file as matched an ignore pattern: BA3T03-R2.fastq
[2024-01-23 15:43:39,171] multiqc                                            [DEBUG  ]  Ignoring file as matched an ignore pattern: BA3T11-R1.fastq
[2024-01-23 15:43:39,171] multiqc                                            [DEBUG  ]  Ignoring file as matched an ignore pattern: LF3T01-R2.fastq
[2024-01-23 15:43:39,171] multiqc                                            [DEBUG  ]  Ignoring file as matched an ignore pattern: LF3T01-R1.fastq
[2024-01-23 15:43:39,171] multiqc                                            [DEBUG  ]  Ignoring file as matched an ignore pattern: BA3T11-R2.fastq
[2024-01-23 15:43:39,172] multiqc                                            [DEBUG  ]  Ignoring file as matched an ignore pattern: LF3T03-R2.fastq
[2024-01-23 15:43:39,172] multiqc                                            [DEBUG  ]  Ignoring file as matched an ignore pattern: BA3T07-R1.fastq
[2024-01-23 15:43:39,172] multiqc                                            [DEBUG  ]  Ignoring file as matched an ignore pattern: BA3T01-R1.fastq
[2024-01-23 15:43:39,172] multiqc                                            [DEBUG  ]  Ignoring file as matched an ignore pattern: BA3T01-R2.fastq
[2024-01-23 15:43:40,947] multiqc.modules.custom_content.custom_content      [DEBUG  ]  No custom content found
[2024-01-23 15:43:40,954] multiqc.modules.peddy.peddy                        [DEBUG  ]  Could not find any reports in ('.',)
[2024-01-23 15:43:40,958] multiqc.modules.methylQA.methylQA                  [DEBUG  ]  Could not find any reports in ('.',)
[2024-01-23 15:43:40,960] multiqc.modules.qualimap.QM_BamQC                  [DEBUG  ]  Using default Qualimap thresholds: 1, 5, 10, 30, 50
[2024-01-23 15:43:40,968] multiqc.modules.qualimap.qualimap                  [DEBUG  ]  Could not find any reports in ('.',)
[2024-01-23 15:43:41,040] multiqc.modules.preseq.preseq                      [DEBUG  ]  Could not find any preseq data in ('.',)
[2024-01-23 15:43:41,043] multiqc.modules.quast.quast                        [DEBUG  ]  Could not find any reports in ('.',)
[2024-01-23 15:43:41,285] multiqc.modules.rseqc.rseqc                        [DEBUG  ]  Could not find any reports in ('.',)
[2024-01-23 15:43:41,288] multiqc.modules.busco.busco                        [DEBUG  ]  Could not find any reports in ('.',)
[2024-01-23 15:43:41,293] multiqc.modules.goleft_indexcov.goleft_indexcov    [DEBUG  ]  Did not find goleft indexcov outputs in ('.',)
[2024-01-23 15:43:41,354] multiqc.modules.snpeff.snpeff                      [DEBUG  ]  Could not find any data in ('.',)
[2024-01-23 15:43:41,416] multiqc.modules.gatk.gatk                          [DEBUG  ]  Could not find any reports in ('.',)
[2024-01-23 15:43:41,477] multiqc.modules.htseq.htseq                        [DEBUG  ]  Could not find any reports in ('.',)
[2024-01-23 15:43:41,538] multiqc.modules.bcftools.bcftools                  [DEBUG  ]  Could not find any reports in ('.',)
[2024-01-23 15:43:41,541] multiqc.modules.featureCounts.feature_counts       [DEBUG  ]  Could not find any reports in ('.',)
[2024-01-23 15:43:42,156] multiqc.modules.picard.picard                      [DEBUG  ]  Could not find any reports in ('.',)
[2024-01-23 15:43:42,160] multiqc.modules.prokka.prokka                      [DEBUG  ]  Could not find any Prokka data in ('.',)
[2024-01-23 15:43:42,224] multiqc.modules.samblaster.samblaster              [DEBUG  ]  Could not find any data in ('.',)
[2024-01-23 15:43:42,414] multiqc.modules.samtools.samtools                  [DEBUG  ]  Could not find any reports in ('.',)
[2024-01-23 15:43:42,475] multiqc.modules.bamtools.bamtools                  [DEBUG  ]  Could not find any reports in ('.',)
[2024-01-23 15:43:42,483] multiqc.modules.bismark.bismark                    [DEBUG  ]  Could not find any reports in ('.',)
[2024-01-23 15:43:42,487] multiqc.modules.hicup.hicup                        [DEBUG  ]  Could not find any HiCUP data in ('.',)
[2024-01-23 15:43:42,491] multiqc.modules.salmon.salmon                      [DEBUG  ]  Could not find any Salmon data in ('.',)
[2024-01-23 15:43:42,550] multiqc.modules.kallisto.kallisto                  [DEBUG  ]  Could not find any reports in ('.',)
[2024-01-23 15:43:42,918] multiqc.modules.slamdunk.slamdunk                  [DEBUG  ]  No slamdunk reports found.
[2024-01-23 15:43:42,924] multiqc.modules.star.star                          [DEBUG  ]  Could not find any reports in ('.',)
[2024-01-23 15:43:42,927] multiqc.modules.tophat.tophat                      [DEBUG  ]  Could not find any reports in ('.',)
[2024-01-23 15:43:42,988] multiqc.modules.bowtie2.bowtie2                    [DEBUG  ]  Could not find any reports in ('.',)
[2024-01-23 15:43:43,050] multiqc.modules.bowtie1.bowtie1                    [DEBUG  ]  Could not find any reports in ('.',)
[2024-01-23 15:43:43,111] multiqc.modules.cutadapt.cutadapt                  [DEBUG  ]  Could not find any reports in ('.',)
[2024-01-23 15:43:43,172] multiqc.modules.trimmomatic.trimmomatic            [DEBUG  ]  Could not find any Trimmomatic data in ('.',)
[2024-01-23 15:43:43,233] multiqc.modules.skewer.skewer                      [DEBUG  ]  Could not find any data in ('.',)
[2024-01-23 15:43:43,236] multiqc.modules.fastq_screen.fastq_screen          [DEBUG  ]  Could not find any reports in ('.',)
[2024-01-23 15:43:43,657] multiqc.modules.fastqc.fastqc                      [INFO   ]  Found 14 reports
[2024-01-23 15:43:44,471] multiqc.modules.clusterflow.clusterflow            [DEBUG  ]  Could not find any reports in ('.',)
[2024-01-23 15:43:44,473] multiqc                                            [INFO   ]  Report      : multiqc_report.html
[2024-01-23 15:43:44,473] multiqc                                            [INFO   ]  Data        : multiqc_data
[2024-01-23 15:43:44,473] multiqc                                            [DEBUG  ]  Moving data file from '/tmp/tmpq4IV2B/multiqc_data/multiqc_general_stats.txt' to '/home/user37/analisis16/data/Demultiplexed/multiqc_data'
[2024-01-23 15:43:44,473] multiqc                                            [DEBUG  ]  Moving data file from '/tmp/tmpq4IV2B/multiqc_data/multiqc_fastqc.txt' to '/home/user37/analisis16/data/Demultiplexed/multiqc_data'
[2024-01-23 15:43:44,473] multiqc                                            [DEBUG  ]  Moving data file from '/tmp/tmpq4IV2B/multiqc_data/multiqc_sources.txt' to '/home/user37/analisis16/data/Demultiplexed/multiqc_data'
[2024-01-23 15:43:44,559] multiqc                                            [INFO   ]  MultiQC complete
